[INFO ] 2023-12-23 01:05:36.038 [main] - Selenium Test intialization completed
[ERROR] 2023-12-23 01:05:38.267 [main] - Sample ERROR message
[INFO ] 2023-12-23 01:05:38.267 [main] - Sample INFO message
[WARN ] 2023-12-23 01:05:38.270 [main] - Sample WARN message
[INFO ] 2023-12-23 01:05:39.038 [main] - closing browser
[INFO ] 2023-12-23 01:05:41.027 [main] - Selenium Test intialization completed
[INFO ] 2023-12-23 01:08:20.251 [main] - Selenium Test intialization completed
[INFO ] 2023-12-23 01:11:22.796 [main] - Selenium Test intialization completed
[ERROR] 2023-12-23 01:11:39.027 [main] - Sample ERROR message
[INFO ] 2023-12-23 01:11:39.028 [main] - Sample INFO message
[WARN ] 2023-12-23 01:11:39.028 [main] - Sample WARN message
[INFO ] 2023-12-23 01:14:12.424 [main] - Selenium Test intialization completed
[INFO ] 2023-12-23 01:19:01.788 [main] - Selenium Test intialization completed
[INFO ] 2023-12-23 11:32:10.445 [main] - Selenium Test intialization completed
[ERROR] 2023-12-23 11:32:27.231 [main] - Sample ERROR message
[INFO ] 2023-12-23 11:32:27.231 [main] - Sample INFO message
[WARN ] 2023-12-23 11:32:27.232 [main] - Sample WARN message
[INFO ] 2023-12-23 12:44:53.651 [main] - Selenium Test intialization completed
[ERROR] 2023-12-23 12:45:02.281 [main] - Sample ERROR message
[INFO ] 2023-12-23 12:45:02.281 [main] - Sample INFO message
[WARN ] 2023-12-23 12:45:02.282 [main] - Sample WARN message
[INFO ] 2023-12-23 12:47:38.033 [main] - Selenium Test intialization completed
[ERROR] 2023-12-23 12:47:39.587 [main] - Sample ERROR message
[INFO ] 2023-12-23 12:47:39.587 [main] - Sample INFO message
[WARN ] 2023-12-23 12:47:39.587 [main] - Sample WARN message
[INFO ] 2023-12-23 12:50:23.795 [main] - Selenium Test intialization completed
[ERROR] 2023-12-23 12:50:25.151 [main] - Sample ERROR message
[INFO ] 2023-12-23 12:50:25.151 [main] - Sample INFO message
[WARN ] 2023-12-23 12:50:25.151 [main] - Sample WARN message
[INFO ] 2023-12-23 12:51:01.796 [main] - Selenium Test intialization completed
[ERROR] 2023-12-23 12:51:03.360 [main] - Sample ERROR message
[INFO ] 2023-12-23 12:51:03.360 [main] - Sample INFO message
[WARN ] 2023-12-23 12:51:03.360 [main] - Sample WARN message
[INFO ] 2023-12-23 12:53:02.056 [main] - Selenium Test intialization completed
[ERROR] 2023-12-23 12:53:04.120 [main] - Sample ERROR message
[INFO ] 2023-12-23 12:53:04.120 [main] - Sample INFO message
[WARN ] 2023-12-23 12:53:04.121 [main] - Sample WARN message
[INFO ] 2023-12-23 13:06:14.179 [main] - Selenium Test intialization completed
[ERROR] 2023-12-23 13:06:23.223 [main] - Sample ERROR message
[INFO ] 2023-12-23 13:06:23.223 [main] - Sample INFO message
[WARN ] 2023-12-23 13:06:23.224 [main] - Sample WARN message
